<?xml version="1.0" encoding="UTF-8"?>
<coverage generated="1584201878587" clover="3.2.0">
  <project timestamp="1584201878587" name="All files">
    <metrics statements="179" coveredstatements="179" conditionals="20" coveredconditionals="17" methods="53" coveredmethods="53" elements="252" coveredelements="249" complexity="0" loc="179" ncloc="179" packages="1" files="12" classes="12"/>
    <file name="Calculator.js" path="C:\Users\bryan\PhpstormProjects\IS219_CalcProject\functions\Calculator.js">
      <metrics statements="10" coveredstatements="10" conditionals="2" coveredconditionals="2" methods="6" coveredmethods="6"/>
      <line num="1" count="4" type="stmt"/>
      <line num="5" count="23" type="cond" truecount="2" falsecount="0"/>
      <line num="6" count="19" type="stmt"/>
      <line num="8" count="4" type="stmt"/>
      <line num="12" count="79" type="stmt"/>
      <line num="15" count="30" type="stmt"/>
      <line num="18" count="10" type="stmt"/>
      <line num="21" count="65" type="stmt"/>
      <line num="24" count="14" type="stmt"/>
      <line num="27" count="4" type="stmt"/>
    </file>
    <file name="DescriptiveStatistics.js" path="C:\Users\bryan\PhpstormProjects\IS219_CalcProject\functions\DescriptiveStatistics.js">
      <metrics statements="62" coveredstatements="62" conditionals="10" coveredconditionals="9" methods="14" coveredmethods="14"/>
      <line num="1" count="2" type="stmt"/>
      <line num="2" count="2" type="stmt"/>
      <line num="3" count="2" type="stmt"/>
      <line num="7" count="1" type="stmt"/>
      <line num="11" count="1" type="stmt"/>
      <line num="15" count="14" type="stmt"/>
      <line num="16" count="14" type="stmt"/>
      <line num="17" count="14" type="stmt"/>
      <line num="20" count="3" type="stmt"/>
      <line num="21" count="3" type="stmt"/>
      <line num="22" count="3" type="stmt"/>
      <line num="27" count="5" type="stmt"/>
      <line num="28" count="5" type="cond" truecount="2" falsecount="0"/>
      <line num="29" count="3" type="stmt"/>
      <line num="31" count="2" type="stmt"/>
      <line num="33" count="5" type="stmt"/>
      <line num="37" count="1" type="stmt"/>
      <line num="38" count="1" type="stmt"/>
      <line num="40" count="1" type="stmt"/>
      <line num="42" count="1" type="stmt"/>
      <line num="43" count="10" type="stmt"/>
      <line num="44" count="10" type="cond" truecount="2" falsecount="0"/>
      <line num="45" count="10" type="cond" truecount="2" falsecount="0"/>
      <line num="46" count="3" type="stmt"/>
      <line num="50" count="1" type="stmt"/>
      <line num="51" count="6" type="cond" truecount="1" falsecount="1"/>
      <line num="52" count="6" type="cond" truecount="2" falsecount="0"/>
      <line num="53" count="1" type="stmt"/>
      <line num="56" count="1" type="stmt"/>
      <line num="60" count="3" type="stmt"/>
      <line num="61" count="3" type="stmt"/>
      <line num="63" count="3" type="stmt"/>
      <line num="64" count="30" type="stmt"/>
      <line num="65" count="30" type="stmt"/>
      <line num="66" count="30" type="stmt"/>
      <line num="68" count="3" type="stmt"/>
      <line num="69" count="3" type="stmt"/>
      <line num="72" count="3" type="stmt"/>
      <line num="73" count="3" type="stmt"/>
      <line num="75" count="3" type="stmt"/>
      <line num="76" count="30" type="stmt"/>
      <line num="77" count="30" type="stmt"/>
      <line num="78" count="30" type="stmt"/>
      <line num="80" count="3" type="stmt"/>
      <line num="81" count="3" type="stmt"/>
      <line num="84" count="1" type="stmt"/>
      <line num="85" count="1" type="stmt"/>
      <line num="86" count="1" type="stmt"/>
      <line num="87" count="1" type="stmt"/>
      <line num="88" count="1" type="stmt"/>
      <line num="91" count="1" type="stmt"/>
      <line num="94" count="1" type="stmt"/>
      <line num="97" count="1" type="stmt"/>
      <line num="100" count="1" type="stmt"/>
      <line num="103" count="1" type="stmt"/>
      <line num="104" count="1" type="stmt"/>
      <line num="106" count="1" type="stmt"/>
      <line num="107" count="10" type="stmt"/>
      <line num="108" count="10" type="stmt"/>
      <line num="109" count="10" type="stmt"/>
      <line num="111" count="1" type="stmt"/>
      <line num="117" count="2" type="stmt"/>
    </file>
    <file name="MathOperations.js" path="C:\Users\bryan\PhpstormProjects\IS219_CalcProject\functions\MathOperations.js">
      <metrics statements="15" coveredstatements="15" conditionals="4" coveredconditionals="3" methods="6" coveredmethods="6"/>
      <line num="1" count="5" type="stmt"/>
      <line num="2" count="5" type="stmt"/>
      <line num="3" count="5" type="stmt"/>
      <line num="4" count="5" type="stmt"/>
      <line num="5" count="5" type="stmt"/>
      <line num="6" count="5" type="stmt"/>
      <line num="10" count="25" type="cond" truecount="2" falsecount="0"/>
      <line num="11" count="20" type="stmt"/>
      <line num="13" count="5" type="stmt"/>
      <line num="17" count="11" type="stmt"/>
      <line num="20" count="31" type="stmt"/>
      <line num="23" count="80" type="stmt"/>
      <line num="26" count="66" type="stmt"/>
      <line num="29" count="15" type="stmt"/>
      <line num="33" count="5" type="stmt"/>
    </file>
    <file name="PopulationSampling.js" path="C:\Users\bryan\PhpstormProjects\IS219_CalcProject\functions\PopulationSampling.js">
      <metrics statements="33" coveredstatements="33" conditionals="0" coveredconditionals="0" methods="8" coveredmethods="8"/>
      <line num="1" count="1" type="stmt"/>
      <line num="2" count="1" type="stmt"/>
      <line num="3" count="1" type="stmt"/>
      <line num="4" count="1" type="stmt"/>
      <line num="8" count="2" type="stmt"/>
      <line num="11" count="1" type="stmt"/>
      <line num="12" count="1" type="stmt"/>
      <line num="13" count="1" type="stmt"/>
      <line num="14" count="1" type="stmt"/>
      <line num="15" count="3" type="stmt"/>
      <line num="16" count="3" type="stmt"/>
      <line num="18" count="1" type="stmt"/>
      <line num="21" count="1" type="stmt"/>
      <line num="22" count="1" type="stmt"/>
      <line num="25" count="7" type="stmt"/>
      <line num="28" count="1" type="stmt"/>
      <line num="29" count="1" type="stmt"/>
      <line num="30" count="1" type="stmt"/>
      <line num="31" count="1" type="stmt"/>
      <line num="34" count="1" type="stmt"/>
      <line num="35" count="1" type="stmt"/>
      <line num="36" count="1" type="stmt"/>
      <line num="37" count="1" type="stmt"/>
      <line num="38" count="1" type="stmt"/>
      <line num="41" count="1" type="stmt"/>
      <line num="42" count="1" type="stmt"/>
      <line num="43" count="1" type="stmt"/>
      <line num="44" count="1" type="stmt"/>
      <line num="47" count="1" type="stmt"/>
      <line num="48" count="1" type="stmt"/>
      <line num="49" count="1" type="stmt"/>
      <line num="50" count="1" type="stmt"/>
      <line num="53" count="1" type="stmt"/>
    </file>
    <file name="Random.js" path="C:\Users\bryan\PhpstormProjects\IS219_CalcProject\functions\Random.js">
      <metrics statements="35" coveredstatements="35" conditionals="0" coveredconditionals="0" methods="10" coveredmethods="10"/>
      <line num="1" count="3" type="stmt"/>
      <line num="5" count="120" type="stmt"/>
      <line num="8" count="100" type="stmt"/>
      <line num="11" count="1183" type="stmt"/>
      <line num="12" count="1183" type="stmt"/>
      <line num="15" count="4" type="stmt"/>
      <line num="16" count="4" type="stmt"/>
      <line num="19" count="20" type="stmt"/>
      <line num="20" count="20" type="stmt"/>
      <line num="21" count="20" type="stmt"/>
      <line num="22" count="1166" type="stmt"/>
      <line num="24" count="20" type="stmt"/>
      <line num="27" count="1" type="stmt"/>
      <line num="28" count="1" type="stmt"/>
      <line num="29" count="1" type="stmt"/>
      <line num="30" count="3" type="stmt"/>
      <line num="32" count="1" type="stmt"/>
      <line num="35" count="1" type="stmt"/>
      <line num="36" count="1" type="stmt"/>
      <line num="39" count="1" type="stmt"/>
      <line num="40" count="1" type="stmt"/>
      <line num="43" count="3" type="stmt"/>
      <line num="44" count="3" type="stmt"/>
      <line num="45" count="19" type="stmt"/>
      <line num="46" count="19" type="stmt"/>
      <line num="47" count="19" type="stmt"/>
      <line num="49" count="3" type="stmt"/>
      <line num="52" count="1" type="stmt"/>
      <line num="53" count="1" type="stmt"/>
      <line num="54" count="1" type="stmt"/>
      <line num="55" count="3" type="stmt"/>
      <line num="56" count="3" type="stmt"/>
      <line num="57" count="3" type="stmt"/>
      <line num="59" count="1" type="stmt"/>
      <line num="62" count="3" type="stmt"/>
    </file>
    <file name="Statistics.js" path="C:\Users\bryan\PhpstormProjects\IS219_CalcProject\functions\Statistics.js">
      <metrics statements="7" coveredstatements="7" conditionals="0" coveredconditionals="0" methods="2" coveredmethods="2"/>
      <line num="1" count="1" type="stmt"/>
      <line num="2" count="1" type="stmt"/>
      <line num="7" count="1" type="stmt"/>
      <line num="10" count="1" type="stmt"/>
      <line num="11" count="1" type="stmt"/>
      <line num="12" count="1" type="stmt"/>
      <line num="15" count="1" type="stmt"/>
    </file>
    <file name="divide.js" path="C:\Users\bryan\PhpstormProjects\IS219_CalcProject\functions\divide.js">
      <metrics statements="2" coveredstatements="2" conditionals="0" coveredconditionals="0" methods="1" coveredmethods="1"/>
      <line num="2" count="32" type="stmt"/>
      <line num="4" count="6" type="stmt"/>
    </file>
    <file name="multiply.js" path="C:\Users\bryan\PhpstormProjects\IS219_CalcProject\functions\multiply.js">
      <metrics statements="2" coveredstatements="2" conditionals="0" coveredconditionals="0" methods="1" coveredmethods="1"/>
      <line num="2" count="12" type="stmt"/>
      <line num="4" count="6" type="stmt"/>
    </file>
    <file name="square.js" path="C:\Users\bryan\PhpstormProjects\IS219_CalcProject\functions\square.js">
      <metrics statements="2" coveredstatements="2" conditionals="0" coveredconditionals="0" methods="1" coveredmethods="1"/>
      <line num="2" count="67" type="stmt"/>
      <line num="4" count="6" type="stmt"/>
    </file>
    <file name="squareroot.js" path="C:\Users\bryan\PhpstormProjects\IS219_CalcProject\functions\squareroot.js">
      <metrics statements="2" coveredstatements="2" conditionals="0" coveredconditionals="0" methods="1" coveredmethods="1"/>
      <line num="2" count="16" type="stmt"/>
      <line num="4" count="6" type="stmt"/>
    </file>
    <file name="subtract.js" path="C:\Users\bryan\PhpstormProjects\IS219_CalcProject\functions\subtract.js">
      <metrics statements="2" coveredstatements="2" conditionals="0" coveredconditionals="0" methods="1" coveredmethods="1"/>
      <line num="2" count="81" type="stmt"/>
      <line num="4" count="6" type="stmt"/>
    </file>
    <file name="sum.js" path="C:\Users\bryan\PhpstormProjects\IS219_CalcProject\functions\sum.js">
      <metrics statements="7" coveredstatements="7" conditionals="4" coveredconditionals="3" methods="2" coveredmethods="2"/>
      <line num="3" count="209" type="stmt"/>
      <line num="4" count="209" type="cond" truecount="2" falsecount="0"/>
      <line num="5" count="21" type="stmt"/>
      <line num="6" count="182" type="stmt"/>
      <line num="10" count="188" type="stmt"/>
      <line num="12" count="209" type="stmt"/>
      <line num="15" count="6" type="stmt"/>
    </file>
  </project>
</coverage>
