{"C:\\Users\\bryan\\PhpstormProjects\\IS219_CalcProject\\functions\\Calculator.js": {"path":"C:\\Users\\bryan\\PhpstormProjects\\IS219_CalcProject\\functions\\Calculator.js","statementMap":{"0":{"start":{"line":1,"column":23},"end":{"line":1,"column":50}},"1":{"start":{"line":5,"column":8},"end":{"line":9,"column":9}},"2":{"start":{"line":6,"column":12},"end":{"line":6,"column":55}},"3":{"start":{"line":8,"column":12},"end":{"line":8,"column":58}},"4":{"start":{"line":12,"column":8},"end":{"line":12,"column":60}},"5":{"start":{"line":15,"column":8},"end":{"line":15,"column":58}},"6":{"start":{"line":18,"column":8},"end":{"line":18,"column":57}},"7":{"start":{"line":21,"column":8},"end":{"line":21,"column":54}},"8":{"start":{"line":24,"column":8},"end":{"line":24,"column":58}},"9":{"start":{"line":27,"column":0},"end":{"line":27,"column":28}}},"fnMap":{"0":{"name":"(anonymous_0)","decl":{"start":{"line":4,"column":4},"end":{"line":4,"column":5}},"loc":{"start":{"line":4,"column":13},"end":{"line":10,"column":5}},"line":4},"1":{"name":"(anonymous_1)","decl":{"start":{"line":11,"column":4},"end":{"line":11,"column":5}},"loc":{"start":{"line":11,"column":18},"end":{"line":13,"column":5}},"line":11},"2":{"name":"(anonymous_2)","decl":{"start":{"line":14,"column":4},"end":{"line":14,"column":5}},"loc":{"start":{"line":14,"column":16},"end":{"line":16,"column":5}},"line":14},"3":{"name":"(anonymous_3)","decl":{"start":{"line":17,"column":4},"end":{"line":17,"column":5}},"loc":{"start":{"line":17,"column":18},"end":{"line":19,"column":5}},"line":17},"4":{"name":"(anonymous_4)","decl":{"start":{"line":20,"column":4},"end":{"line":20,"column":5}},"loc":{"start":{"line":20,"column":14},"end":{"line":22,"column":5}},"line":20},"5":{"name":"(anonymous_5)","decl":{"start":{"line":23,"column":4},"end":{"line":23,"column":5}},"loc":{"start":{"line":23,"column":18},"end":{"line":25,"column":5}},"line":23}},"branchMap":{"0":{"loc":{"start":{"line":5,"column":8},"end":{"line":9,"column":9}},"type":"if","locations":[{"start":{"line":5,"column":8},"end":{"line":9,"column":9}},{"start":{"line":5,"column":8},"end":{"line":9,"column":9}}],"line":5}},"s":{"0":4,"1":23,"2":19,"3":4,"4":79,"5":30,"6":10,"7":65,"8":14,"9":4},"f":{"0":23,"1":79,"2":30,"3":10,"4":65,"5":14},"b":{"0":[19,4]},"_coverageSchema":"1a1c01bbd47fc00a2c39e90264f33305004495a9","hash":"5eb23c537adc78847339657a5d13fafc6556b06a"}
,"C:\\Users\\bryan\\PhpstormProjects\\IS219_CalcProject\\functions\\DescriptiveStatistics.js": {"path":"C:\\Users\\bryan\\PhpstormProjects\\IS219_CalcProject\\functions\\DescriptiveStatistics.js","statementMap":{"0":{"start":{"line":1,"column":19},"end":{"line":1,"column":42}},"1":{"start":{"line":2,"column":15},"end":{"line":2,"column":43}},"2":{"start":{"line":3,"column":18},"end":{"line":3,"column":34}},"3":{"start":{"line":7,"column":8},"end":{"line":7,"column":54}},"4":{"start":{"line":11,"column":8},"end":{"line":11,"column":61}},"5":{"start":{"line":15,"column":18},"end":{"line":15,"column":34}},"6":{"start":{"line":16,"column":24},"end":{"line":16,"column":37}},"7":{"start":{"line":17,"column":8},"end":{"line":17,"column":42}},"8":{"start":{"line":20,"column":22},"end":{"line":20,"column":38}},"9":{"start":{"line":21,"column":28},"end":{"line":21,"column":59}},"10":{"start":{"line":22,"column":12},"end":{"line":22,"column":46}},"11":{"start":{"line":27,"column":24},"end":{"line":27,"column":37}},"12":{"start":{"line":28,"column":8},"end":{"line":32,"column":9}},"13":{"start":{"line":29,"column":12},"end":{"line":29,"column":77}},"14":{"start":{"line":31,"column":12},"end":{"line":31,"column":49}},"15":{"start":{"line":33,"column":8},"end":{"line":33,"column":22}},"16":{"start":{"line":37,"column":20},"end":{"line":37,"column":22}},"17":{"start":{"line":38,"column":20},"end":{"line":38,"column":22}},"18":{"start":{"line":40,"column":23},"end":{"line":40,"column":24}},"19":{"start":{"line":42,"column":8},"end":{"line":48,"column":9}},"20":{"start":{"line":42,"column":21},"end":{"line":42,"column":22}},"21":{"start":{"line":43,"column":12},"end":{"line":43,"column":31}},"22":{"start":{"line":44,"column":12},"end":{"line":44,"column":53}},"23":{"start":{"line":45,"column":12},"end":{"line":47,"column":13}},"24":{"start":{"line":46,"column":16},"end":{"line":46,"column":41}},"25":{"start":{"line":50,"column":8},"end":{"line":55,"column":13}},"26":{"start":{"line":51,"column":12},"end":{"line":55,"column":13}},"27":{"start":{"line":52,"column":16},"end":{"line":54,"column":17}},"28":{"start":{"line":53,"column":20},"end":{"line":53,"column":42}},"29":{"start":{"line":56,"column":8},"end":{"line":56,"column":21}},"30":{"start":{"line":60,"column":19},"end":{"line":60,"column":36}},"31":{"start":{"line":61,"column":24},"end":{"line":61,"column":26}},"32":{"start":{"line":63,"column":8},"end":{"line":67,"column":9}},"33":{"start":{"line":63,"column":21},"end":{"line":63,"column":22}},"34":{"start":{"line":64,"column":26},"end":{"line":64,"column":56}},"35":{"start":{"line":65,"column":12},"end":{"line":65,"column":43}},"36":{"start":{"line":66,"column":12},"end":{"line":66,"column":36}},"37":{"start":{"line":68,"column":22},"end":{"line":68,"column":42}},"38":{"start":{"line":69,"column":8},"end":{"line":69,"column":40}},"39":{"start":{"line":72,"column":19},"end":{"line":72,"column":36}},"40":{"start":{"line":73,"column":24},"end":{"line":73,"column":26}},"41":{"start":{"line":75,"column":8},"end":{"line":79,"column":9}},"42":{"start":{"line":75,"column":21},"end":{"line":75,"column":22}},"43":{"start":{"line":76,"column":26},"end":{"line":76,"column":56}},"44":{"start":{"line":77,"column":12},"end":{"line":77,"column":43}},"45":{"start":{"line":78,"column":12},"end":{"line":78,"column":36}},"46":{"start":{"line":80,"column":22},"end":{"line":80,"column":49}},"47":{"start":{"line":81,"column":8},"end":{"line":81,"column":40}},"48":{"start":{"line":84,"column":21},"end":{"line":84,"column":48}},"49":{"start":{"line":85,"column":17},"end":{"line":85,"column":36}},"50":{"start":{"line":86,"column":17},"end":{"line":86,"column":54}},"51":{"start":{"line":87,"column":17},"end":{"line":87,"column":69}},"52":{"start":{"line":88,"column":8},"end":{"line":88,"column":33}},"53":{"start":{"line":91,"column":8},"end":{"line":91,"column":45}},"54":{"start":{"line":94,"column":8},"end":{"line":94,"column":57}},"55":{"start":{"line":97,"column":8},"end":{"line":97,"column":49}},"56":{"start":{"line":100,"column":8},"end":{"line":100,"column":85}},"57":{"start":{"line":103,"column":19},"end":{"line":103,"column":36}},"58":{"start":{"line":104,"column":24},"end":{"line":104,"column":26}},"59":{"start":{"line":106,"column":8},"end":{"line":110,"column":9}},"60":{"start":{"line":106,"column":21},"end":{"line":106,"column":22}},"61":{"start":{"line":107,"column":26},"end":{"line":107,"column":56}},"62":{"start":{"line":108,"column":12},"end":{"line":108,"column":40}},"63":{"start":{"line":109,"column":12},"end":{"line":109,"column":36}},"64":{"start":{"line":111,"column":8},"end":{"line":111,"column":36}},"65":{"start":{"line":117,"column":0},"end":{"line":117,"column":28}}},"fnMap":{"0":{"name":"(anonymous_0)","decl":{"start":{"line":6,"column":4},"end":{"line":6,"column":5}},"loc":{"start":{"line":6,"column":21},"end":{"line":8,"column":5}},"line":6},"1":{"name":"(anonymous_1)","decl":{"start":{"line":10,"column":4},"end":{"line":10,"column":5}},"loc":{"start":{"line":10,"column":28},"end":{"line":12,"column":5}},"line":10},"2":{"name":"(anonymous_2)","decl":{"start":{"line":14,"column":4},"end":{"line":14,"column":5}},"loc":{"start":{"line":14,"column":17},"end":{"line":18,"column":5}},"line":14},"3":{"name":"(anonymous_3)","decl":{"start":{"line":19,"column":8},"end":{"line":19,"column":9}},"loc":{"start":{"line":19,"column":28},"end":{"line":23,"column":9}},"line":19},"4":{"name":"(anonymous_4)","decl":{"start":{"line":25,"column":4},"end":{"line":25,"column":5}},"loc":{"start":{"line":25,"column":18},"end":{"line":34,"column":5}},"line":25},"5":{"name":"(anonymous_5)","decl":{"start":{"line":36,"column":4},"end":{"line":36,"column":5}},"loc":{"start":{"line":36,"column":16},"end":{"line":57,"column":5}},"line":36},"6":{"name":"(anonymous_6)","decl":{"start":{"line":59,"column":4},"end":{"line":59,"column":5}},"loc":{"start":{"line":59,"column":24},"end":{"line":70,"column":5}},"line":59},"7":{"name":"(anonymous_7)","decl":{"start":{"line":71,"column":4},"end":{"line":71,"column":5}},"loc":{"start":{"line":71,"column":31},"end":{"line":82,"column":5}},"line":71},"8":{"name":"(anonymous_8)","decl":{"start":{"line":83,"column":4},"end":{"line":83,"column":5}},"loc":{"start":{"line":83,"column":21},"end":{"line":89,"column":5}},"line":83},"9":{"name":"(anonymous_9)","decl":{"start":{"line":90,"column":4},"end":{"line":90,"column":5}},"loc":{"start":{"line":90,"column":20},"end":{"line":92,"column":5}},"line":90},"10":{"name":"(anonymous_10)","decl":{"start":{"line":93,"column":4},"end":{"line":93,"column":5}},"loc":{"start":{"line":93,"column":39},"end":{"line":95,"column":5}},"line":93},"11":{"name":"(anonymous_11)","decl":{"start":{"line":96,"column":4},"end":{"line":96,"column":5}},"loc":{"start":{"line":96,"column":43},"end":{"line":98,"column":5}},"line":96},"12":{"name":"(anonymous_12)","decl":{"start":{"line":99,"column":4},"end":{"line":99,"column":5}},"loc":{"start":{"line":99,"column":29},"end":{"line":101,"column":5}},"line":99},"13":{"name":"(anonymous_13)","decl":{"start":{"line":102,"column":4},"end":{"line":102,"column":5}},"loc":{"start":{"line":102,"column":25},"end":{"line":112,"column":5}},"line":102}},"branchMap":{"0":{"loc":{"start":{"line":28,"column":8},"end":{"line":32,"column":9}},"type":"if","locations":[{"start":{"line":28,"column":8},"end":{"line":32,"column":9}},{"start":{"line":28,"column":8},"end":{"line":32,"column":9}}],"line":28},"1":{"loc":{"start":{"line":44,"column":29},"end":{"line":44,"column":47}},"type":"binary-expr","locations":[{"start":{"line":44,"column":29},"end":{"line":44,"column":42}},{"start":{"line":44,"column":46},"end":{"line":44,"column":47}}],"line":44},"2":{"loc":{"start":{"line":45,"column":12},"end":{"line":47,"column":13}},"type":"if","locations":[{"start":{"line":45,"column":12},"end":{"line":47,"column":13}},{"start":{"line":45,"column":12},"end":{"line":47,"column":13}}],"line":45},"3":{"loc":{"start":{"line":51,"column":12},"end":{"line":55,"column":13}},"type":"if","locations":[{"start":{"line":51,"column":12},"end":{"line":55,"column":13}},{"start":{"line":51,"column":12},"end":{"line":55,"column":13}}],"line":51},"4":{"loc":{"start":{"line":52,"column":16},"end":{"line":54,"column":17}},"type":"if","locations":[{"start":{"line":52,"column":16},"end":{"line":54,"column":17}},{"start":{"line":52,"column":16},"end":{"line":54,"column":17}}],"line":52}},"s":{"0":2,"1":2,"2":2,"3":1,"4":1,"5":14,"6":14,"7":14,"8":3,"9":3,"10":3,"11":5,"12":5,"13":3,"14":2,"15":5,"16":1,"17":1,"18":1,"19":1,"20":1,"21":10,"22":10,"23":10,"24":3,"25":1,"26":6,"27":6,"28":1,"29":1,"30":3,"31":3,"32":3,"33":3,"34":30,"35":30,"36":30,"37":3,"38":3,"39":3,"40":3,"41":3,"42":3,"43":30,"44":30,"45":30,"46":3,"47":3,"48":1,"49":1,"50":1,"51":1,"52":1,"53":1,"54":1,"55":1,"56":1,"57":1,"58":1,"59":1,"60":1,"61":10,"62":10,"63":10,"64":1,"65":2},"f":{"0":1,"1":1,"2":14,"3":3,"4":5,"5":1,"6":3,"7":3,"8":1,"9":1,"10":1,"11":1,"12":1,"13":1},"b":{"0":[3,2],"1":[10,6],"2":[3,7],"3":[6,0],"4":[1,5]},"_coverageSchema":"1a1c01bbd47fc00a2c39e90264f33305004495a9","hash":"d62390b5afe1e7cb7a6719c624eace06b93a81f3"}
,"C:\\Users\\bryan\\PhpstormProjects\\IS219_CalcProject\\functions\\MathOperations.js": {"path":"C:\\Users\\bryan\\PhpstormProjects\\IS219_CalcProject\\functions\\MathOperations.js","statementMap":{"0":{"start":{"line":1,"column":17},"end":{"line":1,"column":33}},"1":{"start":{"line":2,"column":17},"end":{"line":2,"column":38}},"2":{"start":{"line":3,"column":15},"end":{"line":3,"column":34}},"3":{"start":{"line":4,"column":17},"end":{"line":4,"column":38}},"4":{"start":{"line":5,"column":15},"end":{"line":5,"column":34}},"5":{"start":{"line":6,"column":19},"end":{"line":6,"column":42}},"6":{"start":{"line":10,"column":8},"end":{"line":14,"column":9}},"7":{"start":{"line":11,"column":12},"end":{"line":11,"column":35}},"8":{"start":{"line":13,"column":12},"end":{"line":13,"column":37}},"9":{"start":{"line":17,"column":8},"end":{"line":17,"column":29}},"10":{"start":{"line":20,"column":8},"end":{"line":20,"column":27}},"11":{"start":{"line":23,"column":8},"end":{"line":23,"column":29}},"12":{"start":{"line":26,"column":8},"end":{"line":26,"column":25}},"13":{"start":{"line":29,"column":8},"end":{"line":29,"column":29}},"14":{"start":{"line":33,"column":0},"end":{"line":33,"column":32}}},"fnMap":{"0":{"name":"(anonymous_0)","decl":{"start":{"line":9,"column":4},"end":{"line":9,"column":5}},"loc":{"start":{"line":9,"column":35},"end":{"line":15,"column":5}},"line":9},"1":{"name":"(anonymous_1)","decl":{"start":{"line":16,"column":4},"end":{"line":16,"column":5}},"loc":{"start":{"line":16,"column":24},"end":{"line":18,"column":5}},"line":16},"2":{"name":"(anonymous_2)","decl":{"start":{"line":19,"column":4},"end":{"line":19,"column":5}},"loc":{"start":{"line":19,"column":25},"end":{"line":21,"column":5}},"line":19},"3":{"name":"(anonymous_3)","decl":{"start":{"line":22,"column":4},"end":{"line":22,"column":5}},"loc":{"start":{"line":22,"column":27},"end":{"line":24,"column":5}},"line":22},"4":{"name":"(anonymous_4)","decl":{"start":{"line":25,"column":4},"end":{"line":25,"column":5}},"loc":{"start":{"line":25,"column":21},"end":{"line":27,"column":5}},"line":25},"5":{"name":"(anonymous_5)","decl":{"start":{"line":28,"column":4},"end":{"line":28,"column":5}},"loc":{"start":{"line":28,"column":25},"end":{"line":30,"column":5}},"line":28}},"branchMap":{"0":{"loc":{"start":{"line":9,"column":15},"end":{"line":9,"column":23}},"type":"default-arg","locations":[{"start":{"line":9,"column":19},"end":{"line":9,"column":23}}],"line":9},"1":{"loc":{"start":{"line":9,"column":25},"end":{"line":9,"column":33}},"type":"default-arg","locations":[{"start":{"line":9,"column":29},"end":{"line":9,"column":33}}],"line":9},"2":{"loc":{"start":{"line":10,"column":8},"end":{"line":14,"column":9}},"type":"if","locations":[{"start":{"line":10,"column":8},"end":{"line":14,"column":9}},{"start":{"line":10,"column":8},"end":{"line":14,"column":9}}],"line":10}},"s":{"0":5,"1":5,"2":5,"3":5,"4":5,"5":5,"6":25,"7":20,"8":5,"9":11,"10":31,"11":80,"12":66,"13":15,"14":5},"f":{"0":25,"1":11,"2":31,"3":80,"4":66,"5":15},"b":{"0":[0],"1":[20],"2":[20,5]},"_coverageSchema":"1a1c01bbd47fc00a2c39e90264f33305004495a9","hash":"be680fd1ccb2a55ab91e4f9c8fdd5479974012f1"}
,"C:\\Users\\bryan\\PhpstormProjects\\IS219_CalcProject\\functions\\PopulationSampling.js": {"path":"C:\\Users\\bryan\\PhpstormProjects\\IS219_CalcProject\\functions\\PopulationSampling.js","statementMap":{"0":{"start":{"line":1,"column":19},"end":{"line":1,"column":42}},"1":{"start":{"line":2,"column":13},"end":{"line":2,"column":47}},"2":{"start":{"line":3,"column":15},"end":{"line":3,"column":34}},"3":{"start":{"line":4,"column":18},"end":{"line":4,"column":34}},"4":{"start":{"line":8,"column":8},"end":{"line":8,"column":64}},"5":{"start":{"line":11,"column":19},"end":{"line":11,"column":21}},"6":{"start":{"line":12,"column":16},"end":{"line":12,"column":70}},"7":{"start":{"line":13,"column":18},"end":{"line":13,"column":19}},"8":{"start":{"line":14,"column":8},"end":{"line":17,"column":9}},"9":{"start":{"line":14,"column":20},"end":{"line":14,"column":21}},"10":{"start":{"line":15,"column":12},"end":{"line":15,"column":40}},"11":{"start":{"line":16,"column":12},"end":{"line":16,"column":21}},"12":{"start":{"line":18,"column":8},"end":{"line":18,"column":20}},"13":{"start":{"line":21,"column":19},"end":{"line":21,"column":29}},"14":{"start":{"line":22,"column":8},"end":{"line":22,"column":105}},"15":{"start":{"line":25,"column":8},"end":{"line":25,"column":75}},"16":{"start":{"line":28,"column":18},"end":{"line":28,"column":20}},"17":{"start":{"line":29,"column":8},"end":{"line":29,"column":73}},"18":{"start":{"line":30,"column":8},"end":{"line":30,"column":68}},"19":{"start":{"line":31,"column":8},"end":{"line":31,"column":19}},"20":{"start":{"line":34,"column":16},"end":{"line":34,"column":45}},"21":{"start":{"line":35,"column":16},"end":{"line":35,"column":35}},"22":{"start":{"line":36,"column":17},"end":{"line":36,"column":36}},"23":{"start":{"line":37,"column":16},"end":{"line":37,"column":39}},"24":{"start":{"line":38,"column":8},"end":{"line":38,"column":78}},"25":{"start":{"line":41,"column":18},"end":{"line":41,"column":20}},"26":{"start":{"line":42,"column":8},"end":{"line":42,"column":66}},"27":{"start":{"line":43,"column":8},"end":{"line":43,"column":61}},"28":{"start":{"line":44,"column":8},"end":{"line":44,"column":19}},"29":{"start":{"line":47,"column":18},"end":{"line":47,"column":20}},"30":{"start":{"line":48,"column":8},"end":{"line":48,"column":66}},"31":{"start":{"line":49,"column":8},"end":{"line":49,"column":61}},"32":{"start":{"line":50,"column":8},"end":{"line":50,"column":19}},"33":{"start":{"line":53,"column":0},"end":{"line":53,"column":36}}},"fnMap":{"0":{"name":"(anonymous_0)","decl":{"start":{"line":7,"column":4},"end":{"line":7,"column":5}},"loc":{"start":{"line":7,"column":49},"end":{"line":9,"column":5}},"line":7},"1":{"name":"(anonymous_1)","decl":{"start":{"line":10,"column":4},"end":{"line":10,"column":5}},"loc":{"start":{"line":10,"column":47},"end":{"line":19,"column":5}},"line":10},"2":{"name":"(anonymous_2)","decl":{"start":{"line":20,"column":4},"end":{"line":20,"column":5}},"loc":{"start":{"line":20,"column":45},"end":{"line":23,"column":5}},"line":20},"3":{"name":"(anonymous_3)","decl":{"start":{"line":24,"column":4},"end":{"line":24,"column":5}},"loc":{"start":{"line":24,"column":34},"end":{"line":26,"column":5}},"line":24},"4":{"name":"(anonymous_4)","decl":{"start":{"line":27,"column":4},"end":{"line":27,"column":5}},"loc":{"start":{"line":27,"column":45},"end":{"line":32,"column":5}},"line":27},"5":{"name":"(anonymous_5)","decl":{"start":{"line":33,"column":4},"end":{"line":33,"column":5}},"loc":{"start":{"line":33,"column":40},"end":{"line":39,"column":5}},"line":33},"6":{"name":"(anonymous_6)","decl":{"start":{"line":40,"column":4},"end":{"line":40,"column":5}},"loc":{"start":{"line":40,"column":51},"end":{"line":45,"column":5}},"line":40},"7":{"name":"(anonymous_7)","decl":{"start":{"line":46,"column":4},"end":{"line":46,"column":5}},"loc":{"start":{"line":46,"column":49},"end":{"line":51,"column":5}},"line":46}},"branchMap":{},"s":{"0":1,"1":1,"2":1,"3":1,"4":2,"5":1,"6":1,"7":1,"8":1,"9":1,"10":3,"11":3,"12":1,"13":1,"14":1,"15":7,"16":1,"17":1,"18":1,"19":1,"20":1,"21":1,"22":1,"23":1,"24":1,"25":1,"26":1,"27":1,"28":1,"29":1,"30":1,"31":1,"32":1,"33":1},"f":{"0":2,"1":1,"2":1,"3":7,"4":1,"5":1,"6":1,"7":1},"b":{},"_coverageSchema":"1a1c01bbd47fc00a2c39e90264f33305004495a9","hash":"d86291491cf5b0f22d242f2871db7718710e780d"}
,"C:\\Users\\bryan\\PhpstormProjects\\IS219_CalcProject\\functions\\Random.js": {"path":"C:\\Users\\bryan\\PhpstormProjects\\IS219_CalcProject\\functions\\Random.js","statementMap":{"0":{"start":{"line":1,"column":19},"end":{"line":1,"column":40}},"1":{"start":{"line":5,"column":8},"end":{"line":5,"column":65}},"2":{"start":{"line":8,"column":8},"end":{"line":8,"column":49}},"3":{"start":{"line":11,"column":18},"end":{"line":11,"column":34}},"4":{"start":{"line":12,"column":8},"end":{"line":12,"column":57}},"5":{"start":{"line":15,"column":18},"end":{"line":15,"column":34}},"6":{"start":{"line":16,"column":8},"end":{"line":16,"column":41}},"7":{"start":{"line":19,"column":18},"end":{"line":19,"column":20}},"8":{"start":{"line":20,"column":18},"end":{"line":20,"column":34}},"9":{"start":{"line":21,"column":8},"end":{"line":23,"column":9}},"10":{"start":{"line":21,"column":20},"end":{"line":21,"column":21}},"11":{"start":{"line":22,"column":12},"end":{"line":22,"column":56}},"12":{"start":{"line":24,"column":8},"end":{"line":24,"column":19}},"13":{"start":{"line":27,"column":18},"end":{"line":27,"column":20}},"14":{"start":{"line":28,"column":18},"end":{"line":28,"column":34}},"15":{"start":{"line":29,"column":8},"end":{"line":31,"column":9}},"16":{"start":{"line":29,"column":20},"end":{"line":29,"column":21}},"17":{"start":{"line":30,"column":12},"end":{"line":30,"column":58}},"18":{"start":{"line":32,"column":8},"end":{"line":32,"column":19}},"19":{"start":{"line":35,"column":18},"end":{"line":35,"column":54}},"20":{"start":{"line":36,"column":8},"end":{"line":36,"column":24}},"21":{"start":{"line":39,"column":18},"end":{"line":39,"column":59}},"22":{"start":{"line":40,"column":8},"end":{"line":40,"column":24}},"23":{"start":{"line":43,"column":19},"end":{"line":43,"column":21}},"24":{"start":{"line":44,"column":8},"end":{"line":48,"column":9}},"25":{"start":{"line":44,"column":20},"end":{"line":44,"column":21}},"26":{"start":{"line":45,"column":23},"end":{"line":45,"column":59}},"27":{"start":{"line":46,"column":12},"end":{"line":46,"column":32}},"28":{"start":{"line":47,"column":12},"end":{"line":47,"column":32}},"29":{"start":{"line":49,"column":8},"end":{"line":49,"column":20}},"30":{"start":{"line":52,"column":19},"end":{"line":52,"column":21}},"31":{"start":{"line":53,"column":18},"end":{"line":53,"column":34}},"32":{"start":{"line":54,"column":8},"end":{"line":58,"column":9}},"33":{"start":{"line":54,"column":20},"end":{"line":54,"column":21}},"34":{"start":{"line":55,"column":23},"end":{"line":55,"column":66}},"35":{"start":{"line":56,"column":12},"end":{"line":56,"column":32}},"36":{"start":{"line":57,"column":12},"end":{"line":57,"column":32}},"37":{"start":{"line":59,"column":8},"end":{"line":59,"column":20}},"38":{"start":{"line":62,"column":0},"end":{"line":62,"column":24}}},"fnMap":{"0":{"name":"(anonymous_0)","decl":{"start":{"line":4,"column":4},"end":{"line":4,"column":5}},"loc":{"start":{"line":4,"column":34},"end":{"line":6,"column":5}},"line":4},"1":{"name":"(anonymous_1)","decl":{"start":{"line":7,"column":4},"end":{"line":7,"column":5}},"loc":{"start":{"line":7,"column":36},"end":{"line":9,"column":5}},"line":7},"2":{"name":"(anonymous_2)","decl":{"start":{"line":10,"column":4},"end":{"line":10,"column":5}},"loc":{"start":{"line":10,"column":40},"end":{"line":13,"column":5}},"line":10},"3":{"name":"(anonymous_3)","decl":{"start":{"line":14,"column":4},"end":{"line":14,"column":5}},"loc":{"start":{"line":14,"column":42},"end":{"line":17,"column":5}},"line":14},"4":{"name":"(anonymous_4)","decl":{"start":{"line":18,"column":4},"end":{"line":18,"column":5}},"loc":{"start":{"line":18,"column":50},"end":{"line":25,"column":5}},"line":18},"5":{"name":"(anonymous_5)","decl":{"start":{"line":26,"column":4},"end":{"line":26,"column":5}},"loc":{"start":{"line":26,"column":52},"end":{"line":33,"column":5}},"line":26},"6":{"name":"(anonymous_6)","decl":{"start":{"line":34,"column":4},"end":{"line":34,"column":5}},"loc":{"start":{"line":34,"column":30},"end":{"line":37,"column":5}},"line":34},"7":{"name":"(anonymous_7)","decl":{"start":{"line":38,"column":4},"end":{"line":38,"column":5}},"loc":{"start":{"line":38,"column":36},"end":{"line":41,"column":5}},"line":38},"8":{"name":"(anonymous_8)","decl":{"start":{"line":42,"column":4},"end":{"line":42,"column":5}},"loc":{"start":{"line":42,"column":37},"end":{"line":50,"column":5}},"line":42},"9":{"name":"(anonymous_9)","decl":{"start":{"line":51,"column":4},"end":{"line":51,"column":5}},"loc":{"start":{"line":51,"column":43},"end":{"line":60,"column":5}},"line":51}},"branchMap":{},"s":{"0":3,"1":120,"2":100,"3":1183,"4":1183,"5":4,"6":4,"7":20,"8":20,"9":20,"10":20,"11":1166,"12":20,"13":1,"14":1,"15":1,"16":1,"17":3,"18":1,"19":1,"20":1,"21":1,"22":1,"23":3,"24":3,"25":3,"26":19,"27":19,"28":19,"29":3,"30":1,"31":1,"32":1,"33":1,"34":3,"35":3,"36":3,"37":1,"38":3},"f":{"0":120,"1":100,"2":1183,"3":4,"4":20,"5":1,"6":1,"7":1,"8":3,"9":1},"b":{},"_coverageSchema":"1a1c01bbd47fc00a2c39e90264f33305004495a9","hash":"8fce073afa027eca3da1cc10f545b558babb1276"}
,"C:\\Users\\bryan\\PhpstormProjects\\IS219_CalcProject\\functions\\Statistics.js": {"path":"C:\\Users\\bryan\\PhpstormProjects\\IS219_CalcProject\\functions\\Statistics.js","statementMap":{"0":{"start":{"line":1,"column":19},"end":{"line":1,"column":42}},"1":{"start":{"line":2,"column":23},"end":{"line":2,"column":50}},"2":{"start":{"line":7,"column":8},"end":{"line":7,"column":34}},"3":{"start":{"line":10,"column":18},"end":{"line":10,"column":33}},"4":{"start":{"line":11,"column":26},"end":{"line":11,"column":38}},"5":{"start":{"line":12,"column":8},"end":{"line":12,"column":45}},"6":{"start":{"line":15,"column":0},"end":{"line":15,"column":28}}},"fnMap":{"0":{"name":"(anonymous_0)","decl":{"start":{"line":6,"column":4},"end":{"line":6,"column":5}},"loc":{"start":{"line":6,"column":18},"end":{"line":8,"column":5}},"line":6},"1":{"name":"(anonymous_1)","decl":{"start":{"line":9,"column":4},"end":{"line":9,"column":5}},"loc":{"start":{"line":9,"column":15},"end":{"line":13,"column":5}},"line":9}},"branchMap":{},"s":{"0":1,"1":1,"2":1,"3":1,"4":1,"5":1,"6":1},"f":{"0":1,"1":1},"b":{},"_coverageSchema":"1a1c01bbd47fc00a2c39e90264f33305004495a9","hash":"d0687418fb783f15849b351e3009575faf257dbf"}
,"C:\\Users\\bryan\\PhpstormProjects\\IS219_CalcProject\\functions\\divide.js": {"path":"C:\\Users\\bryan\\PhpstormProjects\\IS219_CalcProject\\functions\\divide.js","statementMap":{"0":{"start":{"line":2,"column":4},"end":{"line":2,"column":17}},"1":{"start":{"line":4,"column":0},"end":{"line":4,"column":24}}},"fnMap":{"0":{"name":"divide","decl":{"start":{"line":1,"column":9},"end":{"line":1,"column":15}},"loc":{"start":{"line":1,"column":22},"end":{"line":3,"column":1}},"line":1}},"branchMap":{},"s":{"0":32,"1":6},"f":{"0":32},"b":{},"_coverageSchema":"1a1c01bbd47fc00a2c39e90264f33305004495a9","hash":"02a2f0f236b1128192d62a1dbfa98437e7f69b8d"}
,"C:\\Users\\bryan\\PhpstormProjects\\IS219_CalcProject\\functions\\multiply.js": {"path":"C:\\Users\\bryan\\PhpstormProjects\\IS219_CalcProject\\functions\\multiply.js","statementMap":{"0":{"start":{"line":2,"column":4},"end":{"line":2,"column":17}},"1":{"start":{"line":4,"column":0},"end":{"line":4,"column":26}}},"fnMap":{"0":{"name":"multiply","decl":{"start":{"line":1,"column":9},"end":{"line":1,"column":17}},"loc":{"start":{"line":1,"column":24},"end":{"line":3,"column":1}},"line":1}},"branchMap":{},"s":{"0":12,"1":6},"f":{"0":12},"b":{},"_coverageSchema":"1a1c01bbd47fc00a2c39e90264f33305004495a9","hash":"4954d0f95d3ba6867ad573677a8ca5770e822e81"}
,"C:\\Users\\bryan\\PhpstormProjects\\IS219_CalcProject\\functions\\square.js": {"path":"C:\\Users\\bryan\\PhpstormProjects\\IS219_CalcProject\\functions\\square.js","statementMap":{"0":{"start":{"line":2,"column":4},"end":{"line":2,"column":17}},"1":{"start":{"line":4,"column":0},"end":{"line":4,"column":24}}},"fnMap":{"0":{"name":"square","decl":{"start":{"line":1,"column":9},"end":{"line":1,"column":15}},"loc":{"start":{"line":1,"column":19},"end":{"line":3,"column":1}},"line":1}},"branchMap":{},"s":{"0":67,"1":6},"f":{"0":67},"b":{},"_coverageSchema":"1a1c01bbd47fc00a2c39e90264f33305004495a9","hash":"602e40b549b0606b2403b2678e280741ab5ba607"}
,"C:\\Users\\bryan\\PhpstormProjects\\IS219_CalcProject\\functions\\squareroot.js": {"path":"C:\\Users\\bryan\\PhpstormProjects\\IS219_CalcProject\\functions\\squareroot.js","statementMap":{"0":{"start":{"line":2,"column":4},"end":{"line":2,"column":24}},"1":{"start":{"line":4,"column":0},"end":{"line":4,"column":28}}},"fnMap":{"0":{"name":"squareroot","decl":{"start":{"line":1,"column":9},"end":{"line":1,"column":19}},"loc":{"start":{"line":1,"column":23},"end":{"line":3,"column":1}},"line":1}},"branchMap":{},"s":{"0":16,"1":6},"f":{"0":16},"b":{},"_coverageSchema":"1a1c01bbd47fc00a2c39e90264f33305004495a9","hash":"23e5c0f15fff0f2a5f84a797cf56c9f80143c0dd"}
,"C:\\Users\\bryan\\PhpstormProjects\\IS219_CalcProject\\functions\\subtract.js": {"path":"C:\\Users\\bryan\\PhpstormProjects\\IS219_CalcProject\\functions\\subtract.js","statementMap":{"0":{"start":{"line":2,"column":4},"end":{"line":2,"column":17}},"1":{"start":{"line":4,"column":0},"end":{"line":4,"column":26}}},"fnMap":{"0":{"name":"subtract","decl":{"start":{"line":1,"column":9},"end":{"line":1,"column":17}},"loc":{"start":{"line":1,"column":24},"end":{"line":3,"column":1}},"line":1}},"branchMap":{},"s":{"0":81,"1":6},"f":{"0":81},"b":{},"_coverageSchema":"1a1c01bbd47fc00a2c39e90264f33305004495a9","hash":"87190b701ee9a03d60959801b4666b91d7526bcf"}
,"C:\\Users\\bryan\\PhpstormProjects\\IS219_CalcProject\\functions\\sum.js": {"path":"C:\\Users\\bryan\\PhpstormProjects\\IS219_CalcProject\\functions\\sum.js","statementMap":{"0":{"start":{"line":3,"column":21},"end":{"line":3,"column":22}},"1":{"start":{"line":4,"column":8},"end":{"line":11,"column":9}},"2":{"start":{"line":5,"column":12},"end":{"line":7,"column":15}},"3":{"start":{"line":6,"column":16},"end":{"line":6,"column":52}},"4":{"start":{"line":10,"column":12},"end":{"line":10,"column":27}},"5":{"start":{"line":12,"column":8},"end":{"line":12,"column":22}},"6":{"start":{"line":15,"column":0},"end":{"line":15,"column":26}}},"fnMap":{"0":{"name":"(anonymous_0)","decl":{"start":{"line":2,"column":4},"end":{"line":2,"column":5}},"loc":{"start":{"line":2,"column":35},"end":{"line":13,"column":5}},"line":2},"1":{"name":"(anonymous_1)","decl":{"start":{"line":5,"column":22},"end":{"line":5,"column":23}},"loc":{"start":{"line":5,"column":38},"end":{"line":7,"column":13}},"line":5}},"branchMap":{"0":{"loc":{"start":{"line":2,"column":15},"end":{"line":2,"column":23}},"type":"default-arg","locations":[{"start":{"line":2,"column":19},"end":{"line":2,"column":23}}],"line":2},"1":{"loc":{"start":{"line":2,"column":25},"end":{"line":2,"column":33}},"type":"default-arg","locations":[{"start":{"line":2,"column":29},"end":{"line":2,"column":33}}],"line":2},"2":{"loc":{"start":{"line":4,"column":8},"end":{"line":11,"column":9}},"type":"if","locations":[{"start":{"line":4,"column":8},"end":{"line":11,"column":9}},{"start":{"line":4,"column":8},"end":{"line":11,"column":9}}],"line":4}},"s":{"0":209,"1":209,"2":21,"3":182,"4":188,"5":209,"6":6},"f":{"0":209,"1":182},"b":{"0":[0],"1":[21],"2":[21,188]},"_coverageSchema":"1a1c01bbd47fc00a2c39e90264f33305004495a9","hash":"0f83e75fca28aa7e22d552f18ba3ffbe160ac60c"}
}
