TN:
SF:functions\Calculator.js
FN:4,(anonymous_0)
FN:11,(anonymous_1)
FN:14,(anonymous_2)
FN:17,(anonymous_3)
FN:20,(anonymous_4)
FN:23,(anonymous_5)
FNF:6
FNH:6
FNDA:23,(anonymous_0)
FNDA:79,(anonymous_1)
FNDA:30,(anonymous_2)
FNDA:10,(anonymous_3)
FNDA:65,(anonymous_4)
FNDA:14,(anonymous_5)
DA:1,4
DA:5,23
DA:6,19
DA:8,4
DA:12,79
DA:15,30
DA:18,10
DA:21,65
DA:24,14
DA:27,4
LF:10
LH:10
BRDA:5,0,0,19
BRDA:5,0,1,4
BRF:2
BRH:2
end_of_record
TN:
SF:functions\DescriptiveStatistics.js
FN:6,(anonymous_0)
FN:10,(anonymous_1)
FN:14,(anonymous_2)
FN:19,(anonymous_3)
FN:25,(anonymous_4)
FN:36,(anonymous_5)
FN:59,(anonymous_6)
FN:71,(anonymous_7)
FN:83,(anonymous_8)
FN:90,(anonymous_9)
FN:93,(anonymous_10)
FN:96,(anonymous_11)
FN:99,(anonymous_12)
FN:102,(anonymous_13)
FNF:14
FNH:14
FNDA:1,(anonymous_0)
FNDA:1,(anonymous_1)
FNDA:14,(anonymous_2)
FNDA:3,(anonymous_3)
FNDA:5,(anonymous_4)
FNDA:1,(anonymous_5)
FNDA:3,(anonymous_6)
FNDA:3,(anonymous_7)
FNDA:1,(anonymous_8)
FNDA:1,(anonymous_9)
FNDA:1,(anonymous_10)
FNDA:1,(anonymous_11)
FNDA:1,(anonymous_12)
FNDA:1,(anonymous_13)
DA:1,2
DA:2,2
DA:3,2
DA:7,1
DA:11,1
DA:15,14
DA:16,14
DA:17,14
DA:20,3
DA:21,3
DA:22,3
DA:27,5
DA:28,5
DA:29,3
DA:31,2
DA:33,5
DA:37,1
DA:38,1
DA:40,1
DA:42,1
DA:43,10
DA:44,10
DA:45,10
DA:46,3
DA:50,1
DA:51,6
DA:52,6
DA:53,1
DA:56,1
DA:60,3
DA:61,3
DA:63,3
DA:64,30
DA:65,30
DA:66,30
DA:68,3
DA:69,3
DA:72,3
DA:73,3
DA:75,3
DA:76,30
DA:77,30
DA:78,30
DA:80,3
DA:81,3
DA:84,1
DA:85,1
DA:86,1
DA:87,1
DA:88,1
DA:91,1
DA:94,1
DA:97,1
DA:100,1
DA:103,1
DA:104,1
DA:106,1
DA:107,10
DA:108,10
DA:109,10
DA:111,1
DA:117,2
LF:62
LH:62
BRDA:28,0,0,3
BRDA:28,0,1,2
BRDA:44,1,0,10
BRDA:44,1,1,6
BRDA:45,2,0,3
BRDA:45,2,1,7
BRDA:51,3,0,6
BRDA:51,3,1,0
BRDA:52,4,0,1
BRDA:52,4,1,5
BRF:10
BRH:9
end_of_record
TN:
SF:functions\MathOperations.js
FN:9,(anonymous_0)
FN:16,(anonymous_1)
FN:19,(anonymous_2)
FN:22,(anonymous_3)
FN:25,(anonymous_4)
FN:28,(anonymous_5)
FNF:6
FNH:6
FNDA:25,(anonymous_0)
FNDA:11,(anonymous_1)
FNDA:31,(anonymous_2)
FNDA:80,(anonymous_3)
FNDA:66,(anonymous_4)
FNDA:15,(anonymous_5)
DA:1,5
DA:2,5
DA:3,5
DA:4,5
DA:5,5
DA:6,5
DA:10,25
DA:11,20
DA:13,5
DA:17,11
DA:20,31
DA:23,80
DA:26,66
DA:29,15
DA:33,5
LF:15
LH:15
BRDA:9,0,0,0
BRDA:9,1,0,20
BRDA:10,2,0,20
BRDA:10,2,1,5
BRF:4
BRH:3
end_of_record
TN:
SF:functions\PopulationSampling.js
FN:7,(anonymous_0)
FN:10,(anonymous_1)
FN:20,(anonymous_2)
FN:24,(anonymous_3)
FN:27,(anonymous_4)
FN:33,(anonymous_5)
FN:40,(anonymous_6)
FN:46,(anonymous_7)
FNF:8
FNH:8
FNDA:2,(anonymous_0)
FNDA:1,(anonymous_1)
FNDA:1,(anonymous_2)
FNDA:7,(anonymous_3)
FNDA:1,(anonymous_4)
FNDA:1,(anonymous_5)
FNDA:1,(anonymous_6)
FNDA:1,(anonymous_7)
DA:1,1
DA:2,1
DA:3,1
DA:4,1
DA:8,2
DA:11,1
DA:12,1
DA:13,1
DA:14,1
DA:15,3
DA:16,3
DA:18,1
DA:21,1
DA:22,1
DA:25,7
DA:28,1
DA:29,1
DA:30,1
DA:31,1
DA:34,1
DA:35,1
DA:36,1
DA:37,1
DA:38,1
DA:41,1
DA:42,1
DA:43,1
DA:44,1
DA:47,1
DA:48,1
DA:49,1
DA:50,1
DA:53,1
LF:33
LH:33
BRF:0
BRH:0
end_of_record
TN:
SF:functions\Random.js
FN:4,(anonymous_0)
FN:7,(anonymous_1)
FN:10,(anonymous_2)
FN:14,(anonymous_3)
FN:18,(anonymous_4)
FN:26,(anonymous_5)
FN:34,(anonymous_6)
FN:38,(anonymous_7)
FN:42,(anonymous_8)
FN:51,(anonymous_9)
FNF:10
FNH:10
FNDA:120,(anonymous_0)
FNDA:100,(anonymous_1)
FNDA:1183,(anonymous_2)
FNDA:4,(anonymous_3)
FNDA:20,(anonymous_4)
FNDA:1,(anonymous_5)
FNDA:1,(anonymous_6)
FNDA:1,(anonymous_7)
FNDA:3,(anonymous_8)
FNDA:1,(anonymous_9)
DA:1,3
DA:5,120
DA:8,100
DA:11,1183
DA:12,1183
DA:15,4
DA:16,4
DA:19,20
DA:20,20
DA:21,20
DA:22,1166
DA:24,20
DA:27,1
DA:28,1
DA:29,1
DA:30,3
DA:32,1
DA:35,1
DA:36,1
DA:39,1
DA:40,1
DA:43,3
DA:44,3
DA:45,19
DA:46,19
DA:47,19
DA:49,3
DA:52,1
DA:53,1
DA:54,1
DA:55,3
DA:56,3
DA:57,3
DA:59,1
DA:62,3
LF:35
LH:35
BRF:0
BRH:0
end_of_record
TN:
SF:functions\Statistics.js
FN:6,(anonymous_0)
FN:9,(anonymous_1)
FNF:2
FNH:2
FNDA:1,(anonymous_0)
FNDA:1,(anonymous_1)
DA:1,1
DA:2,1
DA:7,1
DA:10,1
DA:11,1
DA:12,1
DA:15,1
LF:7
LH:7
BRF:0
BRH:0
end_of_record
TN:
SF:functions\divide.js
FN:1,divide
FNF:1
FNH:1
FNDA:32,divide
DA:2,32
DA:4,6
LF:2
LH:2
BRF:0
BRH:0
end_of_record
TN:
SF:functions\multiply.js
FN:1,multiply
FNF:1
FNH:1
FNDA:12,multiply
DA:2,12
DA:4,6
LF:2
LH:2
BRF:0
BRH:0
end_of_record
TN:
SF:functions\square.js
FN:1,square
FNF:1
FNH:1
FNDA:67,square
DA:2,67
DA:4,6
LF:2
LH:2
BRF:0
BRH:0
end_of_record
TN:
SF:functions\squareroot.js
FN:1,squareroot
FNF:1
FNH:1
FNDA:16,squareroot
DA:2,16
DA:4,6
LF:2
LH:2
BRF:0
BRH:0
end_of_record
TN:
SF:functions\subtract.js
FN:1,subtract
FNF:1
FNH:1
FNDA:81,subtract
DA:2,81
DA:4,6
LF:2
LH:2
BRF:0
BRH:0
end_of_record
TN:
SF:functions\sum.js
FN:2,(anonymous_0)
FN:5,(anonymous_1)
FNF:2
FNH:2
FNDA:209,(anonymous_0)
FNDA:182,(anonymous_1)
DA:3,209
DA:4,209
DA:5,21
DA:6,182
DA:10,188
DA:12,209
DA:15,6
LF:7
LH:7
BRDA:2,0,0,0
BRDA:2,1,0,21
BRDA:4,2,0,21
BRDA:4,2,1,188
BRF:4
BRH:3
end_of_record
