<?xml version="1.0" encoding="UTF-8"?>
<coverage generated="1581991939378" clover="3.2.0">
  <project timestamp="1581991939378" name="All files">
    <metrics statements="38" coveredstatements="38" conditionals="1" coveredconditionals="0" methods="21" coveredmethods="21" elements="60" coveredelements="59" complexity="0" loc="38" ncloc="38" packages="2" files="8" classes="8"/>
    <package name="IS219_CalcProject">
      <metrics statements="9" coveredstatements="9" conditionals="0" coveredconditionals="0" methods="7" coveredmethods="7"/>
      <file name="Calculator.js" path="/home/bryan/PhpstormProjects/IS219_CalcProject/Calculator.js">
        <metrics statements="9" coveredstatements="9" conditionals="0" coveredconditionals="0" methods="7" coveredmethods="7"/>
        <line num="1" count="1" type="stmt"/>
        <line num="6" count="1" type="stmt"/>
        <line num="9" count="1" type="stmt"/>
        <line num="12" count="1" type="stmt"/>
        <line num="15" count="1" type="stmt"/>
        <line num="18" count="1" type="stmt"/>
        <line num="21" count="1" type="stmt"/>
        <line num="24" count="1" type="stmt"/>
        <line num="27" count="1" type="stmt"/>
      </file>
    </package>
    <package name="IS219_CalcProject.functions">
      <metrics statements="29" coveredstatements="29" conditionals="1" coveredconditionals="0" methods="14" coveredmethods="14"/>
      <file name="MathOperations.js" path="/home/bryan/PhpstormProjects/IS219_CalcProject/functions/MathOperations.js">
        <metrics statements="17" coveredstatements="17" conditionals="1" coveredconditionals="0" methods="8" coveredmethods="8"/>
        <line num="1" count="2" type="stmt"/>
        <line num="2" count="2" type="stmt"/>
        <line num="3" count="2" type="stmt"/>
        <line num="4" count="2" type="stmt"/>
        <line num="5" count="2" type="stmt"/>
        <line num="6" count="2" type="stmt"/>
        <line num="10" count="2" type="stmt"/>
        <line num="13" count="2" type="stmt"/>
        <line num="16" count="2" type="stmt"/>
        <line num="19" count="2" type="stmt"/>
        <line num="22" count="2" type="stmt"/>
        <line num="25" count="2" type="stmt"/>
        <line num="28" count="1" type="stmt"/>
        <line num="29" count="1" type="stmt"/>
        <line num="30" count="5" type="stmt"/>
        <line num="32" count="1" type="stmt"/>
        <line num="37" count="2" type="stmt"/>
      </file>
      <file name="divide.js" path="/home/bryan/PhpstormProjects/IS219_CalcProject/functions/divide.js">
        <metrics statements="2" coveredstatements="2" conditionals="0" coveredconditionals="0" methods="1" coveredmethods="1"/>
        <line num="2" count="3" type="stmt"/>
        <line num="4" count="3" type="stmt"/>
      </file>
      <file name="multiply.js" path="/home/bryan/PhpstormProjects/IS219_CalcProject/functions/multiply.js">
        <metrics statements="2" coveredstatements="2" conditionals="0" coveredconditionals="0" methods="1" coveredmethods="1"/>
        <line num="2" count="3" type="stmt"/>
        <line num="4" count="3" type="stmt"/>
      </file>
      <file name="square.js" path="/home/bryan/PhpstormProjects/IS219_CalcProject/functions/square.js">
        <metrics statements="2" coveredstatements="2" conditionals="0" coveredconditionals="0" methods="1" coveredmethods="1"/>
        <line num="2" count="3" type="stmt"/>
        <line num="4" count="3" type="stmt"/>
      </file>
      <file name="squareroot.js" path="/home/bryan/PhpstormProjects/IS219_CalcProject/functions/squareroot.js">
        <metrics statements="2" coveredstatements="2" conditionals="0" coveredconditionals="0" methods="1" coveredmethods="1"/>
        <line num="2" count="3" type="stmt"/>
        <line num="4" count="3" type="stmt"/>
      </file>
      <file name="subtract.js" path="/home/bryan/PhpstormProjects/IS219_CalcProject/functions/subtract.js">
        <metrics statements="2" coveredstatements="2" conditionals="0" coveredconditionals="0" methods="1" coveredmethods="1"/>
        <line num="2" count="3" type="stmt"/>
        <line num="4" count="3" type="stmt"/>
      </file>
      <file name="sum.js" path="/home/bryan/PhpstormProjects/IS219_CalcProject/functions/sum.js">
        <metrics statements="2" coveredstatements="2" conditionals="0" coveredconditionals="0" methods="1" coveredmethods="1"/>
        <line num="2" count="8" type="stmt"/>
        <line num="4" count="3" type="stmt"/>
      </file>
    </package>
  </project>
</coverage>
