{"C:\\Users\\bryan\\WebstormProjects\\IS219_CalcProject\\Calculator.js": {"path":"C:\\Users\\bryan\\WebstormProjects\\IS219_CalcProject\\Calculator.js","statementMap":{"0":{"start":{"line":1,"column":23},"end":{"line":1,"column":60}},"1":{"start":{"line":6,"column":8},"end":{"line":6,"column":54}},"2":{"start":{"line":9,"column":8},"end":{"line":9,"column":60}},"3":{"start":{"line":12,"column":8},"end":{"line":12,"column":58}},"4":{"start":{"line":15,"column":8},"end":{"line":15,"column":57}},"5":{"start":{"line":18,"column":8},"end":{"line":18,"column":54}},"6":{"start":{"line":21,"column":8},"end":{"line":21,"column":58}},"7":{"start":{"line":24,"column":0},"end":{"line":24,"column":28}}},"fnMap":{"0":{"name":"(anonymous_0)","decl":{"start":{"line":5,"column":4},"end":{"line":5,"column":5}},"loc":{"start":{"line":5,"column":13},"end":{"line":7,"column":5}},"line":5},"1":{"name":"(anonymous_1)","decl":{"start":{"line":8,"column":4},"end":{"line":8,"column":5}},"loc":{"start":{"line":8,"column":18},"end":{"line":10,"column":5}},"line":8},"2":{"name":"(anonymous_2)","decl":{"start":{"line":11,"column":4},"end":{"line":11,"column":5}},"loc":{"start":{"line":11,"column":16},"end":{"line":13,"column":5}},"line":11},"3":{"name":"(anonymous_3)","decl":{"start":{"line":14,"column":4},"end":{"line":14,"column":5}},"loc":{"start":{"line":14,"column":18},"end":{"line":16,"column":5}},"line":14},"4":{"name":"(anonymous_4)","decl":{"start":{"line":17,"column":4},"end":{"line":17,"column":5}},"loc":{"start":{"line":17,"column":14},"end":{"line":19,"column":5}},"line":17},"5":{"name":"(anonymous_5)","decl":{"start":{"line":20,"column":4},"end":{"line":20,"column":5}},"loc":{"start":{"line":20,"column":18},"end":{"line":22,"column":5}},"line":20}},"branchMap":{},"s":{"0":1,"1":2,"2":1,"3":1,"4":1,"5":1,"6":1,"7":1},"f":{"0":2,"1":1,"2":1,"3":1,"4":1,"5":1},"b":{},"_coverageSchema":"1a1c01bbd47fc00a2c39e90264f33305004495a9","hash":"dc9f796931c50ba306d979a04094f73cf5c34c8d"}
,"C:\\Users\\bryan\\WebstormProjects\\IS219_CalcProject\\functions\\MathOperations.js": {"path":"C:\\Users\\bryan\\WebstormProjects\\IS219_CalcProject\\functions\\MathOperations.js","statementMap":{"0":{"start":{"line":1,"column":17},"end":{"line":1,"column":33}},"1":{"start":{"line":2,"column":17},"end":{"line":2,"column":38}},"2":{"start":{"line":3,"column":15},"end":{"line":3,"column":34}},"3":{"start":{"line":4,"column":17},"end":{"line":4,"column":38}},"4":{"start":{"line":5,"column":15},"end":{"line":5,"column":34}},"5":{"start":{"line":6,"column":19},"end":{"line":6,"column":42}},"6":{"start":{"line":10,"column":8},"end":{"line":10,"column":34}},"7":{"start":{"line":13,"column":8},"end":{"line":13,"column":29}},"8":{"start":{"line":16,"column":8},"end":{"line":16,"column":27}},"9":{"start":{"line":19,"column":8},"end":{"line":19,"column":29}},"10":{"start":{"line":22,"column":8},"end":{"line":22,"column":25}},"11":{"start":{"line":25,"column":8},"end":{"line":25,"column":29}},"12":{"start":{"line":30,"column":0},"end":{"line":30,"column":32}}},"fnMap":{"0":{"name":"(anonymous_0)","decl":{"start":{"line":9,"column":4},"end":{"line":9,"column":5}},"loc":{"start":{"line":9,"column":20},"end":{"line":11,"column":5}},"line":9},"1":{"name":"(anonymous_1)","decl":{"start":{"line":12,"column":4},"end":{"line":12,"column":5}},"loc":{"start":{"line":12,"column":24},"end":{"line":14,"column":5}},"line":12},"2":{"name":"(anonymous_2)","decl":{"start":{"line":15,"column":4},"end":{"line":15,"column":5}},"loc":{"start":{"line":15,"column":25},"end":{"line":17,"column":5}},"line":15},"3":{"name":"(anonymous_3)","decl":{"start":{"line":18,"column":4},"end":{"line":18,"column":5}},"loc":{"start":{"line":18,"column":27},"end":{"line":20,"column":5}},"line":18},"4":{"name":"(anonymous_4)","decl":{"start":{"line":21,"column":4},"end":{"line":21,"column":5}},"loc":{"start":{"line":21,"column":21},"end":{"line":23,"column":5}},"line":21},"5":{"name":"(anonymous_5)","decl":{"start":{"line":24,"column":4},"end":{"line":24,"column":5}},"loc":{"start":{"line":24,"column":25},"end":{"line":26,"column":5}},"line":24}},"branchMap":{},"s":{"0":2,"1":2,"2":2,"3":2,"4":2,"5":2,"6":4,"7":2,"8":2,"9":2,"10":2,"11":2,"12":2},"f":{"0":4,"1":2,"2":2,"3":2,"4":2,"5":2},"b":{},"_coverageSchema":"1a1c01bbd47fc00a2c39e90264f33305004495a9","hash":"687eb159e437e13a5482e3858717c870b575382b"}
,"C:\\Users\\bryan\\WebstormProjects\\IS219_CalcProject\\functions\\divide.js": {"path":"C:\\Users\\bryan\\WebstormProjects\\IS219_CalcProject\\functions\\divide.js","statementMap":{"0":{"start":{"line":2,"column":4},"end":{"line":2,"column":17}},"1":{"start":{"line":4,"column":0},"end":{"line":4,"column":24}}},"fnMap":{"0":{"name":"divide","decl":{"start":{"line":1,"column":9},"end":{"line":1,"column":15}},"loc":{"start":{"line":1,"column":22},"end":{"line":3,"column":1}},"line":1}},"branchMap":{},"s":{"0":3,"1":3},"f":{"0":3},"b":{},"_coverageSchema":"1a1c01bbd47fc00a2c39e90264f33305004495a9","hash":"5be2521198dc38c0a0d95e5d9881782183c69eff"}
,"C:\\Users\\bryan\\WebstormProjects\\IS219_CalcProject\\functions\\multiply.js": {"path":"C:\\Users\\bryan\\WebstormProjects\\IS219_CalcProject\\functions\\multiply.js","statementMap":{"0":{"start":{"line":2,"column":4},"end":{"line":2,"column":17}},"1":{"start":{"line":4,"column":0},"end":{"line":4,"column":26}}},"fnMap":{"0":{"name":"multiply","decl":{"start":{"line":1,"column":9},"end":{"line":1,"column":17}},"loc":{"start":{"line":1,"column":24},"end":{"line":3,"column":1}},"line":1}},"branchMap":{},"s":{"0":3,"1":3},"f":{"0":3},"b":{},"_coverageSchema":"1a1c01bbd47fc00a2c39e90264f33305004495a9","hash":"2a2073d24f4e2d67179d9e87a13c0cb96828de9c"}
,"C:\\Users\\bryan\\WebstormProjects\\IS219_CalcProject\\functions\\square.js": {"path":"C:\\Users\\bryan\\WebstormProjects\\IS219_CalcProject\\functions\\square.js","statementMap":{"0":{"start":{"line":2,"column":4},"end":{"line":2,"column":17}},"1":{"start":{"line":4,"column":0},"end":{"line":4,"column":24}}},"fnMap":{"0":{"name":"square","decl":{"start":{"line":1,"column":9},"end":{"line":1,"column":15}},"loc":{"start":{"line":1,"column":19},"end":{"line":3,"column":1}},"line":1}},"branchMap":{},"s":{"0":3,"1":3},"f":{"0":3},"b":{},"_coverageSchema":"1a1c01bbd47fc00a2c39e90264f33305004495a9","hash":"e5870cd1db2108ac20c7dd137cfc02f6f8af2100"}
,"C:\\Users\\bryan\\WebstormProjects\\IS219_CalcProject\\functions\\squareroot.js": {"path":"C:\\Users\\bryan\\WebstormProjects\\IS219_CalcProject\\functions\\squareroot.js","statementMap":{"0":{"start":{"line":2,"column":4},"end":{"line":2,"column":24}},"1":{"start":{"line":4,"column":0},"end":{"line":4,"column":28}}},"fnMap":{"0":{"name":"squareroot","decl":{"start":{"line":1,"column":9},"end":{"line":1,"column":19}},"loc":{"start":{"line":1,"column":23},"end":{"line":3,"column":1}},"line":1}},"branchMap":{},"s":{"0":3,"1":3},"f":{"0":3},"b":{},"_coverageSchema":"1a1c01bbd47fc00a2c39e90264f33305004495a9","hash":"0fadf5afdd51d05800656a6cec27bdfe2c0c6cb1"}
,"C:\\Users\\bryan\\WebstormProjects\\IS219_CalcProject\\functions\\subtract.js": {"path":"C:\\Users\\bryan\\WebstormProjects\\IS219_CalcProject\\functions\\subtract.js","statementMap":{"0":{"start":{"line":2,"column":4},"end":{"line":2,"column":17}},"1":{"start":{"line":4,"column":0},"end":{"line":4,"column":26}}},"fnMap":{"0":{"name":"subtract","decl":{"start":{"line":1,"column":9},"end":{"line":1,"column":17}},"loc":{"start":{"line":1,"column":24},"end":{"line":3,"column":1}},"line":1}},"branchMap":{},"s":{"0":3,"1":3},"f":{"0":3},"b":{},"_coverageSchema":"1a1c01bbd47fc00a2c39e90264f33305004495a9","hash":"f10383e9695985217c5425500b785cefb44c7e9c"}
,"C:\\Users\\bryan\\WebstormProjects\\IS219_CalcProject\\functions\\sum.js": {"path":"C:\\Users\\bryan\\WebstormProjects\\IS219_CalcProject\\functions\\sum.js","statementMap":{"0":{"start":{"line":3,"column":21},"end":{"line":3,"column":22}},"1":{"start":{"line":4,"column":8},"end":{"line":11,"column":9}},"2":{"start":{"line":5,"column":12},"end":{"line":7,"column":15}},"3":{"start":{"line":6,"column":16},"end":{"line":6,"column":52}},"4":{"start":{"line":10,"column":12},"end":{"line":10,"column":27}},"5":{"start":{"line":12,"column":8},"end":{"line":12,"column":22}},"6":{"start":{"line":15,"column":0},"end":{"line":15,"column":26}}},"fnMap":{"0":{"name":"(anonymous_0)","decl":{"start":{"line":2,"column":4},"end":{"line":2,"column":5}},"loc":{"start":{"line":2,"column":35},"end":{"line":13,"column":5}},"line":2},"1":{"name":"(anonymous_1)","decl":{"start":{"line":5,"column":22},"end":{"line":5,"column":23}},"loc":{"start":{"line":5,"column":38},"end":{"line":7,"column":13}},"line":5}},"branchMap":{"0":{"loc":{"start":{"line":2,"column":15},"end":{"line":2,"column":23}},"type":"default-arg","locations":[{"start":{"line":2,"column":19},"end":{"line":2,"column":23}}],"line":2},"1":{"loc":{"start":{"line":2,"column":25},"end":{"line":2,"column":33}},"type":"default-arg","locations":[{"start":{"line":2,"column":29},"end":{"line":2,"column":33}}],"line":2},"2":{"loc":{"start":{"line":4,"column":8},"end":{"line":11,"column":9}},"type":"if","locations":[{"start":{"line":4,"column":8},"end":{"line":11,"column":9}},{"start":{"line":4,"column":8},"end":{"line":11,"column":9}}],"line":4}},"s":{"0":21,"1":21,"2":3,"3":15,"4":18,"5":21,"6":3},"f":{"0":21,"1":15},"b":{"0":[0],"1":[3],"2":[3,18]},"_coverageSchema":"1a1c01bbd47fc00a2c39e90264f33305004495a9","hash":"89b5e270d7e63eb3c097209dec7716247e023314"}
}
